C:\Program Files\Microsoft Visual Studio\2022\Community\MSBuild\Microsoft\VC\v170\Microsoft.CppBuild.targets(531,5): warning MSB8028: промежуточный каталог (x64\Debug\) содержит файлы, которые используются совместно с другим проектом (2.1.vcxproj).  Это может привести к ошибкам очистки и перестроения.
  PhoneBook.c
D:\Университет\Eltex\Модуль №3\task_3\2.1\PhoneBook.c(17,6): warning C4013: lseek: нет определения; предполагается "extern" с возвратом типа "int"
D:\Университет\Eltex\Модуль №3\task_3\2.1\PhoneBook.c(23,9): warning C4013: write: нет определения; предполагается "extern" с возвратом типа "int"
D:\Университет\Eltex\Модуль №3\task_3\2.1\PhoneBook.c(230,60): warning C4047: функция: "const char *" отличается по уровням косвенного обращения от "char [100][50]"
D:\Университет\Eltex\Модуль №3\task_3\2.1\PhoneBook.c(230,60): warning C4024: strncpy_s: различные типы для формального и фактического параметров 3
D:\Университет\Eltex\Модуль №3\task_3\2.1\PhoneBook.c(232,60): warning C4047: функция: "const char *" отличается по уровням косвенного обращения от "char [100][50]"
D:\Университет\Eltex\Модуль №3\task_3\2.1\PhoneBook.c(232,60): warning C4024: strncpy_s: различные типы для формального и фактического параметров 3
D:\Университет\Eltex\Модуль №3\task_3\2.1\PhoneBook.c(239,60): warning C4047: функция: "const char *" отличается по уровням косвенного обращения от "char [100][50]"
D:\Университет\Eltex\Модуль №3\task_3\2.1\PhoneBook.c(239,60): warning C4024: strncpy_s: различные типы для формального и фактического параметров 3
D:\Университет\Eltex\Модуль №3\task_3\2.1\PhoneBook.c(241,60): warning C4047: функция: "const char *" отличается по уровням косвенного обращения от "char [100][50]"
D:\Университет\Eltex\Модуль №3\task_3\2.1\PhoneBook.c(241,60): warning C4024: strncpy_s: различные типы для формального и фактического параметров 3
D:\Университет\Eltex\Модуль №3\task_3\2.1\PhoneBook.c(248,60): warning C4047: функция: "const char *" отличается по уровням косвенного обращения от "char [100][50]"
D:\Университет\Eltex\Модуль №3\task_3\2.1\PhoneBook.c(248,60): warning C4024: strncpy_s: различные типы для формального и фактического параметров 3
D:\Университет\Eltex\Модуль №3\task_3\2.1\PhoneBook.c(250,60): warning C4047: функция: "const char *" отличается по уровням косвенного обращения от "char [100][50]"
D:\Университет\Eltex\Модуль №3\task_3\2.1\PhoneBook.c(250,60): warning C4024: strncpy_s: различные типы для формального и фактического параметров 3
D:\Университет\Eltex\Модуль №3\task_3\2.1\PhoneBook.c(317,2): warning C4013: close: нет определения; предполагается "extern" с возвратом типа "int"
D:\Университет\Eltex\Модуль №3\task_3\2.1\PhoneBook.c(319,7): warning C4013: open: нет определения; предполагается "extern" с возвратом типа "int"
D:\Университет\Eltex\Модуль №3\task_3\2.1\PhoneBook.c(375,26): warning C4047: ==: "int" отличается по уровням косвенного обращения от "void *"
  main.c
D:\Университет\Eltex\Модуль №3\task_3\2.1\main.c(6,11): warning C4013: open: нет определения; предполагается "extern" с возвратом типа "int"
D:\Университет\Eltex\Модуль №3\task_3\2.1\main.c(14,19): warning C4013: read: нет определения; предполагается "extern" с возвратом типа "int"
D:\Университет\Eltex\Модуль №3\task_3\2.1\main.c(18,3): warning C4013: close: нет определения; предполагается "extern" с возвратом типа "int"
D:\Университет\Eltex\Модуль №3\task_3\2.1\main.c(27,6): warning C4013: lseek: нет определения; предполагается "extern" с возвратом типа "int"
  Создание кода...
  2.1.vcxproj -> D:\Университет\Eltex\Модуль №3\task_3\x64\Debug\task_3.exe
